    1  sudo vi /etc/default/grub
    2  sudo update-grub
    3  reboot
    4  sudo apt update
    5  sudo apt upgrade
    6  sudo apt install xserver-xorg-video-intel
    7  top
    8  ls
    9  cd Documents/
   10  ls
   11  cd ..
   12  cd vlt/
   13  ls
   14  python3 vltAHS.py 
   15  pip3
   16  sudo apt install python3-pip
   17  python3 -m venv myenv
   18  sudo apt install python3.12-venv
   19  python3 -m venv myenv
   20  source myenv/bin/activate
   21  pip3 install PyQt5
   22  pip3 install PyQtWebEngine
   23  ls
   24  python3 vltAHS.py 
   25  history
   26  history > commands.log
   27  ls
   28  sudo vi /etc/systemd/system/vlt.service
   29  sudo systemctl daemon-reload
   30  sudo systemctl start vlt.service
   31  system status vlt.service
   32  systemctl status vlt.service
   33  journalctl -xeu vlt.service
   34  sudo cat /etc/systemd/system/vlt.service
   35  ls -l /home/vltahs/environment
   36  pwd
   37  printenv
   38  printenv > /home/vltahs/environment
   39  sudo systemctl daemon-reload
   40  sudo systemctl start vlt.service
   41  systemctl status vlt.service
   42  sudo systemctl stop vlt.service
   43  reboot
   44  ls
   45  pwd
   46  ls
   47  cd myenv/
   48  pwd
   49  history
   50  systemctl status vlt.service
   51  journalctl -xeu vlt.service
   52  ls -l /etc/systemd/system/default.target.wants/vlt.service
   53  sudo systemctl enable vlt.service
   54  sudo reboot
   55  reboot
   56  history
   57  ls
   58  cd vlt/
   59  ls
   60  history > commands2.log
